{"level":"info","message":"✅ Connected to MongoDB","service":"shoe-store","timestamp":"2025-07-14T11:33:46.148Z"}
{"level":"info","message":"Server running on http://localhost:5000","service":"shoe-store","timestamp":"2025-07-14T11:33:46.154Z"}
{"level":"info","message":"Received kill signal, shutting down gracefully","service":"shoe-store","timestamp":"2025-07-14T11:34:07.940Z"}
{"level":"info","message":"✅ Connected to MongoDB","service":"shoe-store","timestamp":"2025-07-14T11:37:45.768Z"}
{"level":"info","message":"Server running on http://localhost:5000","service":"shoe-store","timestamp":"2025-07-14T11:37:45.771Z"}
{"level":"info","message":"Received kill signal, shutting down gracefully","service":"shoe-store","timestamp":"2025-07-14T11:37:48.044Z"}
{"level":"info","message":"✅ Connected to MongoDB","service":"shoe-store","timestamp":"2025-07-14T11:43:22.532Z"}
{"level":"info","message":"Server running on http://localhost:5000","service":"shoe-store","timestamp":"2025-07-14T11:43:22.535Z"}
{"level":"info","message":"Received kill signal, shutting down gracefully","service":"shoe-store","timestamp":"2025-07-14T11:43:25.948Z"}
{"level":"info","message":"✅ Connected to MongoDB","service":"shoe-store","timestamp":"2025-07-14T12:06:29.113Z"}
{"level":"info","message":"Server running on http://localhost:5000","service":"shoe-store","timestamp":"2025-07-14T12:06:29.117Z"}
{"level":"info","message":"Received kill signal, shutting down gracefully","service":"shoe-store","timestamp":"2025-07-14T12:06:39.761Z"}
{"level":"info","message":"✅ Connected to MongoDB","service":"shoe-store","timestamp":"2025-07-15T12:56:42.189Z"}
{"level":"info","message":"Server running on http://localhost:5000","service":"shoe-store","timestamp":"2025-07-15T12:56:42.196Z"}
{"level":"info","message":"✅ Connected to MongoDB","service":"shoe-store","timestamp":"2025-07-15T12:58:20.362Z"}
{"level":"info","message":"Server running on http://localhost:5000","service":"shoe-store","timestamp":"2025-07-15T12:58:20.369Z"}
{"level":"info","message":"✅ Connected to MongoDB","service":"shoe-store","timestamp":"2025-07-15T12:59:44.462Z"}
{"level":"info","message":"Server running on http://localhost:5000","service":"shoe-store","timestamp":"2025-07-15T12:59:44.471Z"}
{"level":"info","message":"✅ Connected to MongoDB","service":"shoe-store","timestamp":"2025-07-15T13:03:01.195Z"}
{"level":"info","message":"Server running on http://localhost:5000","service":"shoe-store","timestamp":"2025-07-15T13:03:01.202Z"}
{"level":"info","message":"✅ Connected to MongoDB","service":"shoe-store","timestamp":"2025-07-15T13:05:55.317Z"}
{"level":"info","message":"Server running on http://localhost:5000","service":"shoe-store","timestamp":"2025-07-15T13:05:55.323Z"}
{"level":"info","message":"✅ Connected to MongoDB","service":"shoe-store","timestamp":"2025-07-15T13:07:20.291Z"}
{"level":"info","message":"Server running on http://localhost:5000","service":"shoe-store","timestamp":"2025-07-15T13:07:20.298Z"}
{"level":"info","message":"✅ Connected to MongoDB","service":"shoe-store","timestamp":"2025-07-15T13:12:32.069Z"}
{"level":"info","message":"Server running on http://localhost:5000","service":"shoe-store","timestamp":"2025-07-15T13:12:32.076Z"}
{"level":"info","message":"Received kill signal, shutting down gracefully","service":"shoe-store","timestamp":"2025-07-15T13:12:37.018Z"}
{"level":"info","message":"✅ Connected to MongoDB","service":"shoe-store","timestamp":"2025-07-15T13:39:58.039Z"}
{"level":"info","message":"Server running on http://localhost:5000","service":"shoe-store","timestamp":"2025-07-15T13:39:58.045Z"}
{"level":"info","message":"✅ Connected to MongoDB","service":"shoe-store","timestamp":"2025-07-15T13:49:45.347Z"}
{"level":"info","message":"Server running on http://localhost:5000","service":"shoe-store","timestamp":"2025-07-15T13:49:45.353Z"}
{"level":"info","message":"✅ Connected to MongoDB","service":"shoe-store","timestamp":"2025-07-15T13:49:57.781Z"}
{"level":"info","message":"Server running on http://localhost:5000","service":"shoe-store","timestamp":"2025-07-15T13:49:57.787Z"}
{"level":"info","message":"✅ Connected to MongoDB","service":"shoe-store","timestamp":"2025-07-15T13:50:32.812Z"}
{"level":"info","message":"Server running on http://localhost:5000","service":"shoe-store","timestamp":"2025-07-15T13:50:32.817Z"}
{"level":"info","message":"✅ Connected to MongoDB","service":"shoe-store","timestamp":"2025-07-15T13:50:40.619Z"}
{"level":"info","message":"Server running on http://localhost:5000","service":"shoe-store","timestamp":"2025-07-15T13:50:40.625Z"}
{"level":"info","message":"✅ Connected to MongoDB","service":"shoe-store","timestamp":"2025-07-15T14:37:44.962Z"}
{"level":"info","message":"Server running on http://localhost:5000","service":"shoe-store","timestamp":"2025-07-15T14:37:44.969Z"}
{"level":"info","message":"✅ Connected to MongoDB","service":"shoe-store","timestamp":"2025-07-15T14:37:53.663Z"}
{"level":"info","message":"Server running on http://localhost:5000","service":"shoe-store","timestamp":"2025-07-15T14:37:53.668Z"}
{"level":"info","message":"✅ Connected to MongoDB","service":"shoe-store","timestamp":"2025-07-15T14:40:50.235Z"}
{"level":"info","message":"Server running on http://localhost:5000","service":"shoe-store","timestamp":"2025-07-15T14:40:50.242Z"}
{"level":"info","message":"✅ Connected to MongoDB","service":"shoe-store","timestamp":"2025-07-15T14:41:22.766Z"}
{"level":"info","message":"Server running on http://localhost:5000","service":"shoe-store","timestamp":"2025-07-15T14:41:22.773Z"}
{"level":"error","message":"[\n  {\n    \"code\": \"custom\",\n    \"path\": [\n      \"email\"\n    ],\n    \"message\": \"Email must end with @domain.com\"\n  }\n]","method":"POST","path":"/api/v1/auth/register","service":"shoe-store","stack":"ZodError: [\n  {\n    \"code\": \"custom\",\n    \"path\": [\n      \"email\"\n    ],\n    \"message\": \"Email must end with @domain.com\"\n  }\n]\n    at file:///home/rileyflamez/home/projects/shoe-store/backend/src/controllers/users/register.js:9:44\n    at file:///home/rileyflamez/home/projects/shoe-store/backend/src/utils/catchAsync.js:5:25\n    at Layer.handleRequest (/home/rileyflamez/home/projects/shoe-store/backend/node_modules/router/lib/layer.js:152:17)\n    at next (/home/rileyflamez/home/projects/shoe-store/backend/node_modules/router/lib/route.js:157:13)\n    at Route.dispatch (/home/rileyflamez/home/projects/shoe-store/backend/node_modules/router/lib/route.js:117:3)\n    at handle (/home/rileyflamez/home/projects/shoe-store/backend/node_modules/router/index.js:435:11)\n    at Layer.handleRequest (/home/rileyflamez/home/projects/shoe-store/backend/node_modules/router/lib/layer.js:152:17)\n    at /home/rileyflamez/home/projects/shoe-store/backend/node_modules/router/index.js:295:15\n    at processParams (/home/rileyflamez/home/projects/shoe-store/backend/node_modules/router/index.js:582:12)\n    at next (/home/rileyflamez/home/projects/shoe-store/backend/node_modules/router/index.js:291:5)","timestamp":"2025-07-15T14:41:28.626Z"}
{"level":"error","message":"[\n  {\n    \"code\": \"custom\",\n    \"path\": [\n      \"email\"\n    ],\n    \"message\": \"Email must end with @domain.com\"\n  }\n]","method":"POST","path":"/api/v1/auth/register","service":"shoe-store","stack":"ZodError: [\n  {\n    \"code\": \"custom\",\n    \"path\": [\n      \"email\"\n    ],\n    \"message\": \"Email must end with @domain.com\"\n  }\n]\n    at file:///home/rileyflamez/home/projects/shoe-store/backend/src/controllers/users/register.js:9:44\n    at file:///home/rileyflamez/home/projects/shoe-store/backend/src/utils/catchAsync.js:5:25\n    at Layer.handleRequest (/home/rileyflamez/home/projects/shoe-store/backend/node_modules/router/lib/layer.js:152:17)\n    at next (/home/rileyflamez/home/projects/shoe-store/backend/node_modules/router/lib/route.js:157:13)\n    at Route.dispatch (/home/rileyflamez/home/projects/shoe-store/backend/node_modules/router/lib/route.js:117:3)\n    at handle (/home/rileyflamez/home/projects/shoe-store/backend/node_modules/router/index.js:435:11)\n    at Layer.handleRequest (/home/rileyflamez/home/projects/shoe-store/backend/node_modules/router/lib/layer.js:152:17)\n    at /home/rileyflamez/home/projects/shoe-store/backend/node_modules/router/index.js:295:15\n    at processParams (/home/rileyflamez/home/projects/shoe-store/backend/node_modules/router/index.js:582:12)\n    at next (/home/rileyflamez/home/projects/shoe-store/backend/node_modules/router/index.js:291:5)","timestamp":"2025-07-15T14:42:47.333Z"}
{"level":"error","message":"[\n  {\n    \"code\": \"custom\",\n    \"path\": [\n      \"email\"\n    ],\n    \"message\": \"Email must end with @domain.com\"\n  }\n]","method":"POST","path":"/api/v1/auth/register","service":"shoe-store","stack":"ZodError: [\n  {\n    \"code\": \"custom\",\n    \"path\": [\n      \"email\"\n    ],\n    \"message\": \"Email must end with @domain.com\"\n  }\n]\n    at file:///home/rileyflamez/home/projects/shoe-store/backend/src/controllers/users/register.js:9:44\n    at file:///home/rileyflamez/home/projects/shoe-store/backend/src/utils/catchAsync.js:5:25\n    at Layer.handleRequest (/home/rileyflamez/home/projects/shoe-store/backend/node_modules/router/lib/layer.js:152:17)\n    at next (/home/rileyflamez/home/projects/shoe-store/backend/node_modules/router/lib/route.js:157:13)\n    at Route.dispatch (/home/rileyflamez/home/projects/shoe-store/backend/node_modules/router/lib/route.js:117:3)\n    at handle (/home/rileyflamez/home/projects/shoe-store/backend/node_modules/router/index.js:435:11)\n    at Layer.handleRequest (/home/rileyflamez/home/projects/shoe-store/backend/node_modules/router/lib/layer.js:152:17)\n    at /home/rileyflamez/home/projects/shoe-store/backend/node_modules/router/index.js:295:15\n    at processParams (/home/rileyflamez/home/projects/shoe-store/backend/node_modules/router/index.js:582:12)\n    at next (/home/rileyflamez/home/projects/shoe-store/backend/node_modules/router/index.js:291:5)","timestamp":"2025-07-15T14:43:32.712Z"}
{"level":"info","message":"✅ Connected to MongoDB","service":"shoe-store","timestamp":"2025-07-15T14:49:58.969Z"}
{"level":"info","message":"Server running on http://localhost:5000","service":"shoe-store","timestamp":"2025-07-15T14:49:58.980Z"}
{"level":"error","message":"[\n  {\n    \"origin\": \"string\",\n    \"code\": \"invalid_format\",\n    \"format\": \"email\",\n    \"pattern\": \"/^(?!\\\\.)(?!.*\\\\.\\\\.)([A-Za-z0-9_'+\\\\-\\\\.]*)[A-Za-z0-9_+-]@([A-Za-z0-9][A-Za-z0-9\\\\-]*\\\\.)+[A-Za-z]{2,}$/\",\n    \"path\": [\n      \"email\"\n    ],\n    \"message\": \"Invalid email address\"\n  }\n]","method":"POST","path":"/api/v1/auth/register","service":"shoe-store","stack":"ZodError: [\n  {\n    \"origin\": \"string\",\n    \"code\": \"invalid_format\",\n    \"format\": \"email\",\n    \"pattern\": \"/^(?!\\\\.)(?!.*\\\\.\\\\.)([A-Za-z0-9_'+\\\\-\\\\.]*)[A-Za-z0-9_+-]@([A-Za-z0-9][A-Za-z0-9\\\\-]*\\\\.)+[A-Za-z]{2,}$/\",\n    \"path\": [\n      \"email\"\n    ],\n    \"message\": \"Invalid email address\"\n  }\n]\n    at file:///home/rileyflamez/home/projects/shoe-store/backend/src/controllers/users/register.js:9:44\n    at file:///home/rileyflamez/home/projects/shoe-store/backend/src/utils/catchAsync.js:5:25\n    at Layer.handleRequest (/home/rileyflamez/home/projects/shoe-store/backend/node_modules/router/lib/layer.js:152:17)\n    at next (/home/rileyflamez/home/projects/shoe-store/backend/node_modules/router/lib/route.js:157:13)\n    at Route.dispatch (/home/rileyflamez/home/projects/shoe-store/backend/node_modules/router/lib/route.js:117:3)\n    at handle (/home/rileyflamez/home/projects/shoe-store/backend/node_modules/router/index.js:435:11)\n    at Layer.handleRequest (/home/rileyflamez/home/projects/shoe-store/backend/node_modules/router/lib/layer.js:152:17)\n    at /home/rileyflamez/home/projects/shoe-store/backend/node_modules/router/index.js:295:15\n    at processParams (/home/rileyflamez/home/projects/shoe-store/backend/node_modules/router/index.js:582:12)\n    at next (/home/rileyflamez/home/projects/shoe-store/backend/node_modules/router/index.js:291:5)","timestamp":"2025-07-15T14:50:27.871Z"}
{"level":"error","message":"User validation failed: email: Email must be under @domain.com","method":"POST","path":"/api/v1/auth/register","service":"shoe-store","stack":"ValidationError: User validation failed: email: Email must be under @domain.com\n    at Document.invalidate (/home/rileyflamez/home/projects/shoe-store/backend/node_modules/mongoose/lib/document.js:3354:32)\n    at /home/rileyflamez/home/projects/shoe-store/backend/node_modules/mongoose/lib/document.js:3115:17\n    at /home/rileyflamez/home/projects/shoe-store/backend/node_modules/mongoose/lib/schemaType.js:1410:9\n    at process.processTicksAndRejections (node:internal/process/task_queues:85:11)","timestamp":"2025-07-15T14:50:40.459Z"}
{"level":"info","message":"✅ Connected to MongoDB","service":"shoe-store","timestamp":"2025-07-15T14:51:06.261Z"}
{"level":"info","message":"Server running on http://localhost:5000","service":"shoe-store","timestamp":"2025-07-15T14:51:06.268Z"}
{"level":"error","message":"[\n  {\n    \"origin\": \"string\",\n    \"code\": \"invalid_format\",\n    \"format\": \"email\",\n    \"pattern\": \"/^(?!\\\\.)(?!.*\\\\.\\\\.)([A-Za-z0-9_'+\\\\-\\\\.]*)[A-Za-z0-9_+-]@([A-Za-z0-9][A-Za-z0-9\\\\-]*\\\\.)+[A-Za-z]{2,}$/\",\n    \"path\": [\n      \"email\"\n    ],\n    \"message\": \"Invalid email address\"\n  }\n]","method":"POST","path":"/api/v1/auth/register","service":"shoe-store","stack":"ZodError: [\n  {\n    \"origin\": \"string\",\n    \"code\": \"invalid_format\",\n    \"format\": \"email\",\n    \"pattern\": \"/^(?!\\\\.)(?!.*\\\\.\\\\.)([A-Za-z0-9_'+\\\\-\\\\.]*)[A-Za-z0-9_+-]@([A-Za-z0-9][A-Za-z0-9\\\\-]*\\\\.)+[A-Za-z]{2,}$/\",\n    \"path\": [\n      \"email\"\n    ],\n    \"message\": \"Invalid email address\"\n  }\n]\n    at file:///home/rileyflamez/home/projects/shoe-store/backend/src/controllers/users/register.js:9:44\n    at file:///home/rileyflamez/home/projects/shoe-store/backend/src/utils/catchAsync.js:5:25\n    at Layer.handleRequest (/home/rileyflamez/home/projects/shoe-store/backend/node_modules/router/lib/layer.js:152:17)\n    at next (/home/rileyflamez/home/projects/shoe-store/backend/node_modules/router/lib/route.js:157:13)\n    at Route.dispatch (/home/rileyflamez/home/projects/shoe-store/backend/node_modules/router/lib/route.js:117:3)\n    at handle (/home/rileyflamez/home/projects/shoe-store/backend/node_modules/router/index.js:435:11)\n    at Layer.handleRequest (/home/rileyflamez/home/projects/shoe-store/backend/node_modules/router/lib/layer.js:152:17)\n    at /home/rileyflamez/home/projects/shoe-store/backend/node_modules/router/index.js:295:15\n    at processParams (/home/rileyflamez/home/projects/shoe-store/backend/node_modules/router/index.js:582:12)\n    at next (/home/rileyflamez/home/projects/shoe-store/backend/node_modules/router/index.js:291:5)","timestamp":"2025-07-15T14:51:13.119Z"}
{"level":"error","message":"Email already in use","method":"POST","path":"/api/v1/auth/register","service":"shoe-store","stack":"Error: Email already in use\n    at file:///home/rileyflamez/home/projects/shoe-store/backend/src/controllers/users/register.js:14:22\n    at process.processTicksAndRejections (node:internal/process/task_queues:105:5)","timestamp":"2025-07-15T14:51:32.825Z"}
